<?xml version="1.0" encoding="utf-8" standalone="no"?>
<!--This file represents the results of running a test suite-->
<test-results name="C:\Users\Anvesh\Documents\Visual Studio 2010\Projects\TestWS\TestWS\bin\Debug\TestWS.dll" total="6" errors="0" failures="0" not-run="0" inconclusive="0" ignored="0" skipped="0" invalid="0" date="2015-03-18" time="14:14:59">
  <environment nunit-version="2.6.3.13283" clr-version="2.0.50727.8000" os-version="Microsoft Windows NT 6.2.9200.0" platform="Win32NT" cwd="C:\Program Files (x86)\NUnit 2.6.3\bin" machine-name="TUMMALA" user="Anvesh" user-domain="Tummala" />
  <culture-info current-culture="en-GB" current-uiculture="en-GB" />
  <test-suite type="Assembly" name="C:\Users\Anvesh\Documents\Visual Studio 2010\Projects\TestWS\TestWS\bin\Debug\TestWS.dll" executed="True" result="Success" success="True" time="5.778" asserts="0">
    <results>
      <test-suite type="Namespace" name="TestWS" executed="True" result="Success" success="True" time="5.720" asserts="0">
        <results>
          <test-suite type="TestFixture" name="Service" executed="True" result="Success" success="True" time="5.713" asserts="0">
            <results>
              <test-case name="TestWS.Service.testgetStudentDetails" executed="True" result="Success" success="True" time="3.379" asserts="1" />
              <test-case name="TestWS.Service.testgetVolunteerDetails" executed="True" result="Success" success="True" time="0.025" asserts="1" />
              <test-case name="TestWS.Service.testLoginStudent" executed="True" result="Success" success="True" time="0.016" asserts="1" />
              <test-case name="TestWS.Service.testLoginVolunteer" executed="True" result="Success" success="True" time="0.012" asserts="1" />
              <test-case name="TestWS.Service.testRegistrationStudent" executed="True" result="Success" success="True" time="2.187" asserts="1" />
              <test-case name="TestWS.Service.testRegistrationVolunteer" executed="True" result="Success" success="True" time="0.017" asserts="1" />
            </results>
          </test-suite>
        </results>
      </test-suite>
    </results>
  </test-suite>
</test-results>